0.012817 main [ERR] Error! Unable to set process priority!
0.013858 read [INF] Looking for config file: config.txt ..
0.014220 read [DBG] Extracted key: |c2a_cnrs_xy|  val: |{ 191, 171, 128, 272, 20, 212, 99, 132 }|
0.014514 read [DBG] Extracted key: |c2a_r|  val: |{ 0.722445, -0.131314, -0.460878 }|
0.014523 read [DBG] Extracted key: |c2a_src|  val: |c2a_cnrs_xy|
0.014528 read [DBG] Extracted key: |c2a_t|  val: |{ -0.674396, 0.389373, 2.889648 }|
0.014532 read [DBG] Extracted key: |do_display|  val: |n|
0.014535 read [DBG] Extracted key: |max_bad_frames|  val: |-1|
0.014539 read [DBG] Extracted key: |opt_bound|  val: |0.35|
0.014543 read [DBG] Extracted key: |opt_do_global|  val: |n|
0.014547 read [DBG] Extracted key: |opt_max_err|  val: |-1.000000|
0.014551 read [DBG] Extracted key: |opt_max_evals|  val: |50|
0.014555 read [DBG] Extracted key: |opt_tol|  val: |0.001|
0.014559 read [DBG] Extracted key: |out_port|  val: |-1|
0.014562 read [DBG] Extracted key: |q_factor|  val: |6|
0.014577 read [DBG] Extracted key: |roi_c|  val: |{ -0.229390, 0.099969, 0.968187 }|
0.014583 read [DBG] Extracted key: |roi_circ|  val: |{ 63, 171, 81, 145, 106, 135, 150, 160 }|
0.014595 read [DBG] Extracted key: |roi_ignr|  val: |{ { 96, 156, 113, 147, 106, 128, 82, 130, 81, 150 }, { 71, 213, 90, 219, 114, 218, 135, 211, 154, 196, 150, 217, 121, 228, 99, 234, 75, 225 } }|
0.014603 read [DBG] Extracted key: |roi_r|  val: |0.124815|
0.014607 read [DBG] Extracted key: |save_debug|  val: |n|
0.014611 read [DBG] Extracted key: |save_raw|  val: |n|
0.014615 read [DBG] Extracted key: |src_fn|  val: |0|
0.014620 read [DBG] Extracted key: |src_fps|  val: |-1.000000|
0.014624 read [DBG] Extracted key: |thr_ratio|  val: |1.25|
0.014629 read [DBG] Extracted key: |thr_win_pc|  val: |0.25|
0.014634 read [DBG] Extracted key: |vfov|  val: |45|
0.014638 read [DBG] Extracted key: |vid_codec|  val: |h264|
0.014663 read [INF] Config file parsed (25 key/value pairs).
0.014675 CVSource [DBG] Source is: 0
0.014677 CVSource [DBG] Trying source as camera id...
0.033772 CVSource [DBG] Trying source as video file...
0.039168 CVSource [DBG] Trying source as image file...
0.039188 CVSource [ERR] Could not interpret source type (0)!
0.039196 Trackball [ERR] Error! Could not open input frame source (0)!
0.039301 ~Trackball [INF] Closing sphere tracker
