0.003171 main [ERR] Error! Unable to set process priority!
0.003249 read [INF] Looking for config file: config.txt ..
0.003594 read [DBG] Extracted key: |c2a_cnrs_xy|  val: |{ 191, 171, 128, 272, 20, 212, 99, 132 }|
0.003613 read [DBG] Extracted key: |c2a_r|  val: |{ 0.722445, -0.131314, -0.460878 }|
0.003618 read [DBG] Extracted key: |c2a_src|  val: |c2a_cnrs_xy|
0.003624 read [DBG] Extracted key: |c2a_t|  val: |{ -0.674396, 0.389373, 2.889648 }|
0.003628 read [DBG] Extracted key: |do_display|  val: |y|
0.003631 read [DBG] Extracted key: |max_bad_frames|  val: |-1|
0.003635 read [DBG] Extracted key: |opt_bound|  val: |0.35|
0.003639 read [DBG] Extracted key: |opt_do_global|  val: |n|
0.003643 read [DBG] Extracted key: |opt_max_err|  val: |-1.000000|
0.003656 read [DBG] Extracted key: |opt_max_evals|  val: |50|
0.003660 read [DBG] Extracted key: |opt_tol|  val: |0.001|
0.003665 read [DBG] Extracted key: |out_port|  val: |-1|
0.003668 read [DBG] Extracted key: |q_factor|  val: |6|
0.003674 read [DBG] Extracted key: |roi_c|  val: |{ -0.229390, 0.099969, 0.968187 }|
0.003681 read [DBG] Extracted key: |roi_circ|  val: |{ 63, 171, 81, 145, 106, 135, 150, 160 }|
0.003694 read [DBG] Extracted key: |roi_ignr|  val: |{ { 96, 156, 113, 147, 106, 128, 82, 130, 81, 150 }, { 71, 213, 90, 219, 114, 218, 135, 211, 154, 196, 150, 217, 121, 228, 99, 234, 75, 225 } }|
0.003699 read [DBG] Extracted key: |roi_r|  val: |0.124815|
0.003704 read [DBG] Extracted key: |save_debug|  val: |n|
0.003708 read [DBG] Extracted key: |save_raw|  val: |n|
0.003713 read [DBG] Extracted key: |src_fn|  val: |sample.mp4|
0.003718 read [DBG] Extracted key: |src_fps|  val: |-1.000000|
0.003729 read [DBG] Extracted key: |thr_ratio|  val: |1.25|
0.003735 read [DBG] Extracted key: |thr_win_pc|  val: |0.25|
0.003740 read [DBG] Extracted key: |vfov|  val: |45|
0.003745 read [DBG] Extracted key: |vid_codec|  val: |h264|
0.003777 read [INF] Config file parsed (25 key/value pairs).
0.003790 CVSource [DBG] Source is: sample.mp4
0.003792 CVSource [DBG] Trying source as camera id...
0.003810 CVSource [DBG] Trying source as video file...
0.142733 CVSource [INF] Using source type: video file.
0.142834 CVSource [INF] OpenCV video source initialised (384x288)!
0.142877 operator() [DBG] Key (output_fn) not found.
0.142984 getStr [DBG] Key (fisheye) not found.
0.143133 Trackball [DBG] Found sphere ROI centred at [-0.229390 0.099969 0.968187], with radius 0.124815 rad.
0.143273 Trackball [INF] Input sphere mask automatically generated using 2 ignore ROIs!
0.143291 Trackball [DBG] roi_to_cam_r: 0.1010 0.2319 -0.0000
0.143306 Trackball [DBG] Found C2A rotational transform: [0.722445 -0.131314 -0.460878].
0.144018 getStr [DBG] Key (sphere_map_fn) not found.
0.144184 Trackball [WRN] Warning! No optimisation error threshold specified in config file (opt_max_err) - poor matches will not be dropped!
0.144377 getStr [DBG] Key (sock_port) not found.
0.144391 operator() [DBG] Key (com_port) not found.
0.144416 Trackball [WRN] Warning! Using default value for save_raw (0).
0.144459 operator() [DBG] Key (thr_rgb_tfrm) not found.
0.144471 FrameGrabber [DBG] Thresholding window size: 15 (ROI: 60 x 60)
0.144781 write [DBG] Wrote 947 bytes to disk!
0.144860 processDrawQ [ERR] Error! Unable to set thread priority!
0.144883 process [DBG] Starting sphere tracking loop!
0.144899 process [ERR] Error! Unable to set thread priority!
0.163462 process [DBG] Starting frame grabbing loop!
0.163477 process [ERR] Error! Unable to set thread priority!
0.187860 grab [DBG] Frame captured 384x2883 @ 0.000000 (t_sys: 498190458.987000 ms, t_day: 80330161.598000 ms)
0.191200 process [DBG] Processed frame added to input queue (l = 1).
0.191221 process [INF] Frame 0
0.191305 doSearch [INF] optimum sphere rotation:	0.000 0.000 0.000  (err=0.000e+00/its=0)
0.191311 doSearch [DBG] Current sphere orientation:	0.000 0.000 0.000
0.191483 updateSphere [DBG] Sphere ROI match overlap: 3.3%
0.191849 process [INF] Timing grab/opt/map/plot/log/disp: 46.3 / 0.1 / 0.2 / 0.0 / 0.0 / 0.3 ms
0.191855 process [INF] Average frame rate [in/out]: 0.0 [0.0 / 0.0] fps
0.194195 grab [DBG] Frame captured 384x2883 @ 33.333333 (t_sys: 498190465.363000 ms, t_day: 80330167.935000 ms)
0.197819 process [DBG] Processed frame added to input queue (l = 1).
0.197846 process [INF] Frame 1
0.199550 grab [DBG] Frame captured 384x2883 @ 66.666667 (t_sys: 498190470.719000 ms, t_day: 80330173.291000 ms)
0.201474 doSearch [INF] optimum sphere rotation:	0.001 0.035 -0.000  (err=5.209e+03/its=23)
0.201483 doSearch [DBG] Current sphere orientation:	0.001 0.035 -0.000
0.201706 updateSphere [DBG] Sphere ROI match overlap: 67.6%
0.202123 process [INF] Timing grab/opt/map/plot/log/disp: 6.0 / 3.6 / 0.2 / 0.0 / 0.0 / 0.3 ms
0.202154 process [INF] Average frame rate [in/out]: 24.3 [0.0 / 97.4] fps
0.202825 process [DBG] Processed frame added to input queue (l = 1).
0.202846 process [INF] Frame 2
0.204422 grab [DBG] Frame captured 384x2883 @ 100.000000 (t_sys: 498190475.591000 ms, t_day: 80330178.164000 ms)
0.207072 doSearch [INF] optimum sphere rotation:	0.019 0.016 0.031  (err=5.743e+03/its=28)
0.207078 doSearch [DBG] Current sphere orientation:	0.020 0.052 0.031
0.207241 updateSphere [DBG] Sphere ROI match overlap: 75.9%
0.207534 process [INF] Timing grab/opt/map/plot/log/disp: 0.7 / 4.2 / 0.2 / 0.0 / 0.0 / 0.2 ms
0.207539 process [INF] Average frame rate [in/out]: 64.4 [30.0 / 184.7] fps
0.207565 process [DBG] Processed frame added to input queue (l = 1).
0.207602 process [INF] Frame 3
0.209059 grab [DBG] Frame captured 384x2883 @ 133.333333 (t_sys: 498190480.229000 ms, t_day: 80330182.802000 ms)
0.211581 doSearch [INF] optimum sphere rotation:	0.005 -0.000 0.018  (err=5.548e+03/its=29)
0.211588 doSearch [DBG] Current sphere orientation:	0.025 0.051 0.049
0.211746 updateSphere [DBG] Sphere ROI match overlap: 87.3%
0.212062 process [INF] Timing grab/opt/map/plot/log/disp: 0.1 / 4.0 / 0.2 / 0.0 / 0.0 / 0.3 ms
0.212067 process [INF] Average frame rate [in/out]: 103.6 [30.0 / 220.9] fps
0.212244 process [DBG] Processed frame added to input queue (l = 1).
0.212292 process [INF] Frame 4
0.213792 grab [DBG] Frame captured 384x2883 @ 166.666667 (t_sys: 498190484.962000 ms, t_day: 80330187.535000 ms)
0.216246 doSearch [INF] optimum sphere rotation:	-0.011 0.029 -0.002  (err=5.569e+03/its=28)
0.216252 doSearch [DBG] Current sphere orientation:	0.014 0.081 0.047
0.216414 updateSphere [DBG] Sphere ROI match overlap: 90.9%
0.216733 process [INF] Timing grab/opt/map/plot/log/disp: 0.2 / 4.0 / 0.2 / 0.0 / 0.0 / 0.3 ms
0.216738 process [INF] Average frame rate [in/out]: 131.2 [30.0 / 214.0] fps
0.217003 process [DBG] Processed frame added to input queue (l = 1).
0.217022 process [INF] Frame 5
0.218421 grab [DBG] Frame captured 384x2883 @ 200.000000 (t_sys: 498190489.591000 ms, t_day: 80330192.164000 ms)
0.220125 doSearch [INF] optimum sphere rotation:	0.014 0.056 -0.020  (err=5.699e+03/its=24)
0.220130 doSearch [DBG] Current sphere orientation:	0.030 0.136 0.028
0.220277 updateSphere [DBG] Sphere ROI match overlap: 95.4%
0.220565 process [INF] Timing grab/opt/map/plot/log/disp: 0.3 / 3.1 / 0.2 / 0.0 / 0.0 / 0.2 ms
0.220572 process [INF] Average frame rate [in/out]: 163.6 [30.0 / 260.8] fps
0.221431 process [DBG] Processed frame added to input queue (l = 1).
0.221450 process [INF] Frame 6
0.223293 grab [DBG] Frame captured 384x2883 @ 233.333333 (t_sys: 498190494.461000 ms, t_day: 80330197.034000 ms)
0.224687 doSearch [INF] optimum sphere rotation:	0.081 0.103 -0.048  (err=6.275e+03/its=21)
0.224697 doSearch [DBG] Current sphere orientation:	0.116 0.237 -0.017
0.224915 updateSphere [DBG] Sphere ROI match overlap: 91.7%
0.225296 process [INF] Timing grab/opt/map/plot/log/disp: 0.9 / 3.3 / 0.2 / 0.0 / 0.0 / 0.3 ms
0.225305 process [INF] Average frame rate [in/out]: 175.6 [30.0 / 211.7] fps
0.226546 process [DBG] Processed frame added to input queue (l = 1).
0.226573 process [INF] Frame 7
0.228176 grab [DBG] Frame captured 384x2883 @ 266.666667 (t_sys: 498190499.345000 ms, t_day: 80330201.918000 ms)
0.230004 doSearch [INF] optimum sphere rotation:	0.074 0.114 -0.059  (err=6.348e+03/its=25)
0.230013 doSearch [DBG] Current sphere orientation:	0.195 0.348 -0.073
0.230214 updateSphere [DBG] Sphere ROI match overlap: 89.1%
0.230567 process [INF] Timing grab/opt/map/plot/log/disp: 1.2 / 3.5 / 0.2 / 0.0 / 0.0 / 0.3 ms
0.230584 process [INF] Average frame rate [in/out]: 179.1 [30.0 / 189.6] fps
0.231825 process [DBG] Processed frame added to input queue (l = 1).
0.231850 process [INF] Frame 8
0.235276 grab [DBG] Frame captured 384x2883 @ 300.000000 (t_sys: 498190506.438000 ms, t_day: 80330209.012000 ms)
0.236762 doSearch [INF] optimum sphere rotation:	0.033 0.120 -0.003  (err=6.694e+03/its=27)
0.236771 doSearch [DBG] Current sphere orientation:	0.225 0.469 -0.082
0.236945 updateSphere [DBG] Sphere ROI match overlap: 89.2%
0.237299 process [INF] Timing grab/opt/map/plot/log/disp: 1.3 / 4.9 / 0.2 / 0.0 / 0.0 / 0.3 ms
0.237310 process [INF] Average frame rate [in/out]: 171.4 [30.0 / 148.5] fps
0.238704 process [DBG] Processed frame added to input queue (l = 1).
0.238728 process [INF] Frame 9
0.240707 grab [DBG] Frame captured 384x2883 @ 333.333333 (t_sys: 498190511.874000 ms, t_day: 80330214.448000 ms)
0.243231 doSearch [INF] optimum sphere rotation:	-0.007 0.134 0.009  (err=6.250e+03/its=32)
0.243238 doSearch [DBG] Current sphere orientation:	0.212 0.603 -0.090
0.243413 updateSphere [DBG] Sphere ROI match overlap: 88.4%
0.243820 process [INF] Timing grab/opt/map/plot/log/disp: 1.4 / 4.5 / 0.2 / 0.0 / 0.1 / 0.3 ms
0.243828 process [INF] Average frame rate [in/out]: 166.9 [30.0 / 153.4] fps
0.244440 process [DBG] Processed frame added to input queue (l = 1).
0.244466 process [INF] Frame 10
0.246120 grab [DBG] Frame captured 384x2883 @ 366.666667 (t_sys: 498190517.287000 ms, t_day: 80330219.861000 ms)
0.248479 doSearch [INF] optimum sphere rotation:	-0.022 0.068 0.043  (err=6.213e+03/its=24)
0.248488 doSearch [DBG] Current sphere orientation:	0.175 0.673 -0.063
0.248722 updateSphere [DBG] Sphere ROI match overlap: 90.9%
0.249163 process [INF] Timing grab/opt/map/plot/log/disp: 0.6 / 4.0 / 0.3 / 0.0 / 0.0 / 0.3 ms
0.249174 process [INF] Average frame rate [in/out]: 172.0 [30.0 / 187.3] fps
0.250026 process [DBG] Processed frame added to input queue (l = 1).
0.250049 process [INF] Frame 11
0.251677 grab [DBG] Frame captured 384x2883 @ 400.000000 (t_sys: 498190522.846000 ms, t_day: 80330225.420000 ms)
0.253369 doSearch [INF] optimum sphere rotation:	-0.042 0.075 0.039  (err=6.566e+03/its=22)
0.253376 doSearch [DBG] Current sphere orientation:	0.119 0.749 -0.046
0.253553 updateSphere [DBG] Sphere ROI match overlap: 91.8%
0.253872 process [INF] Timing grab/opt/map/plot/log/disp: 0.9 / 3.3 / 0.2 / 0.0 / 0.0 / 0.2 ms
0.253878 process [INF] Average frame rate [in/out]: 182.1 [30.0 / 212.4] fps
0.254723 process [DBG] Processed frame added to input queue (l = 1).
0.254761 process [INF] Frame 12
0.256383 grab [DBG] Frame captured 384x2883 @ 433.333333 (t_sys: 498190527.552000 ms, t_day: 80330230.126000 ms)
0.258445 doSearch [INF] optimum sphere rotation:	-0.032 0.080 -0.000  (err=6.855e+03/its=22)
0.258453 doSearch [DBG] Current sphere orientation:	0.087 0.828 -0.064
0.258657 updateSphere [DBG] Sphere ROI match overlap: 91.3%
0.259001 process [INF] Timing grab/opt/map/plot/log/disp: 0.9 / 3.7 / 0.2 / 0.0 / 0.0 / 0.3 ms
0.259008 process [INF] Average frame rate [in/out]: 185.3 [30.0 / 194.9] fps
0.260005 process [DBG] Processed frame added to input queue (l = 1).
0.260033 process [INF] Frame 13
0.261246 grab [DBG] Frame captured 384x2883 @ 466.666667 (t_sys: 498190532.416000 ms, t_day: 80330234.990000 ms)
0.263064 doSearch [INF] optimum sphere rotation:	-0.030 0.085 -0.013  (err=6.436e+03/its=23)
0.263070 doSearch [DBG] Current sphere orientation:	0.062 0.911 -0.093
0.263239 updateSphere [DBG] Sphere ROI match overlap: 91.1%
0.263482 process [INF] Timing grab/opt/map/plot/log/disp: 1.0 / 3.0 / 0.2 / 0.0 / 0.0 / 0.2 ms
0.263487 process [INF] Average frame rate [in/out]: 194.7 [30.0 / 223.1] fps
0.264284 process [DBG] Processed frame added to input queue (l = 1).
0.264295 process [INF] Frame 14
0.265534 grab [DBG] Frame captured 384x2883 @ 500.000000 (t_sys: 498190536.705000 ms, t_day: 80330239.279000 ms)
0.267252 doSearch [INF] optimum sphere rotation:	-0.028 0.080 -0.003  (err=6.640e+03/its=22)
0.267257 doSearch [DBG] Current sphere orientation:	0.034 0.989 -0.112
0.267445 updateSphere [DBG] Sphere ROI match overlap: 91.2%
0.267712 process [INF] Timing grab/opt/map/plot/log/disp: 0.8 / 3.0 / 0.2 / 0.0 / 0.0 / 0.2 ms
0.267718 process [INF] Average frame rate [in/out]: 205.2 [30.0 / 236.4] fps
0.268536 process [DBG] Processed frame added to input queue (l = 1).
0.268549 process [INF] Frame 15
0.269739 grab [DBG] Frame captured 384x2883 @ 533.333333 (t_sys: 498190540.911000 ms, t_day: 80330243.485000 ms)
0.271788 doSearch [INF] optimum sphere rotation:	-0.028 0.026 -0.027  (err=6.404e+03/its=26)
0.271793 doSearch [DBG] Current sphere orientation:	0.019 1.013 -0.151
0.271932 updateSphere [DBG] Sphere ROI match overlap: 93.5%
0.272183 process [INF] Timing grab/opt/map/plot/log/disp: 0.8 / 3.2 / 0.1 / 0.0 / 0.0 / 0.2 ms
0.272189 process [INF] Average frame rate [in/out]: 209.8 [30.0 / 223.8] fps
0.272645 process [DBG] Processed frame added to input queue (l = 1).
0.272673 process [INF] Frame 16
0.273917 grab [DBG] Frame captured 384x2883 @ 566.666667 (t_sys: 498190545.089000 ms, t_day: 80330247.664000 ms)
0.275692 doSearch [INF] optimum sphere rotation:	-0.073 0.039 -0.027  (err=6.920e+03/its=23)
0.275703 doSearch [DBG] Current sphere orientation:	-0.037 1.046 -0.213
0.275881 updateSphere [DBG] Sphere ROI match overlap: 93.1%
0.276177 process [INF] Timing grab/opt/map/plot/log/disp: 0.5 / 3.0 / 0.2 / 0.0 / 0.0 / 0.2 ms
0.276184 process [INF] Average frame rate [in/out]: 220.0 [30.0 / 250.4] fps
0.276980 process [DBG] Processed frame added to input queue (l = 1).
0.276997 process [INF] Frame 17
0.278362 grab [DBG] Frame captured 384x2883 @ 600.000000 (t_sys: 498190549.532000 ms, t_day: 80330252.107000 ms)
0.280812 doSearch [INF] optimum sphere rotation:	-0.056 0.043 -0.050  (err=6.970e+03/its=24)
0.280820 doSearch [DBG] Current sphere orientation:	-0.066 1.085 -0.288
0.281123 updateSphere [DBG] Sphere ROI match overlap: 92.9%
0.282255 process [INF] Timing grab/opt/map/plot/log/disp: 0.8 / 3.8 / 0.4 / 0.0 / 0.1 / 1.0 ms
0.282264 process [INF] Average frame rate [in/out]: 206.1 [30.0 / 164.6] fps
0.283440 process [DBG] Processed frame added to input queue (l = 1).
0.283457 process [INF] Frame 18
0.285139 grab [DBG] Frame captured 384x2883 @ 633.333333 (t_sys: 498190556.274000 ms, t_day: 80330258.849000 ms)
0.287626 doSearch [INF] optimum sphere rotation:	-0.038 0.062 -0.082  (err=6.698e+03/its=25)
0.287632 doSearch [DBG] Current sphere orientation:	-0.065 1.146 -0.382
0.287804 updateSphere [DBG] Sphere ROI match overlap: 92.1%
0.288119 process [INF] Timing grab/opt/map/plot/log/disp: 1.2 / 4.2 / 0.2 / 0.0 / 0.0 / 0.3 ms
0.288127 process [INF] Average frame rate [in/out]: 197.2 [30.0 / 170.4] fps
0.288766 process [DBG] Processed frame added to input queue (l = 1).
0.288788 process [INF] Frame 19
0.290277 grab [DBG] Frame captured 384x2883 @ 666.666667 (t_sys: 498190561.448000 ms, t_day: 80330264.023000 ms)
0.292509 doSearch [INF] optimum sphere rotation:	-0.032 0.024 -0.062  (err=6.687e+03/its=28)
0.292518 doSearch [DBG] Current sphere orientation:	-0.063 1.168 -0.456
0.292701 updateSphere [DBG] Sphere ROI match overlap: 94.3%
0.293112 process [INF] Timing grab/opt/map/plot/log/disp: 0.6 / 3.7 / 0.2 / 0.0 / 0.0 / 0.3 ms
0.293119 process [INF] Average frame rate [in/out]: 198.0 [30.0 / 200.3] fps
0.293599 process [DBG] Processed frame added to input queue (l = 1).
0.293647 process [INF] Frame 20
0.295983 grab [DBG] Frame captured 384x2883 @ 700.000000 (t_sys: 498190567.151000 ms, t_day: 80330269.727000 ms)
0.297480 doSearch [INF] optimum sphere rotation:	-0.048 0.042 0.003  (err=6.771e+03/its=26)
0.297487 doSearch [DBG] Current sphere orientation:	-0.116 1.198 -0.483
0.297695 updateSphere [DBG] Sphere ROI match overlap: 93.9%
0.298170 process [INF] Timing grab/opt/map/plot/log/disp: 0.5 / 3.8 / 0.2 / 0.0 / 0.0 / 0.4 ms
0.298190 process [INF] Average frame rate [in/out]: 197.9 [30.0 / 197.7] fps
0.299398 process [DBG] Processed frame added to input queue (l = 1).
0.299427 process [INF] Frame 21
0.301130 grab [DBG] Frame captured 384x2883 @ 733.333333 (t_sys: 498190572.295000 ms, t_day: 80330274.871000 ms)
0.303603 doSearch [INF] optimum sphere rotation:	-0.051 0.053 -0.035  (err=6.764e+03/its=25)
0.303613 doSearch [DBG] Current sphere orientation:	-0.153 1.241 -0.544
0.303790 updateSphere [DBG] Sphere ROI match overlap: 92.8%
0.304206 process [INF] Timing grab/opt/map/plot/log/disp: 1.2 / 4.2 / 0.2 / 0.0 / 0.0 / 0.4 ms
0.304211 process [INF] Average frame rate [in/out]: 189.8 [30.0 / 165.6] fps
0.304656 process [DBG] Processed frame added to input queue (l = 1).
0.304674 process [INF] Frame 22
0.306409 grab [DBG] Frame captured 384x2883 @ 766.666667 (t_sys: 498190577.576000 ms, t_day: 80330280.152000 ms)
0.308918 doSearch [INF] optimum sphere rotation:	-0.034 0.067 -0.059  (err=7.032e+03/its=26)
0.308925 doSearch [DBG] Current sphere orientation:	-0.164 1.306 -0.615
0.309103 updateSphere [DBG] Sphere ROI match overlap: 93.3%
0.309633 process [DBG] Processed frame added to input queue (l = 1).
0.309756 process [INF] Timing grab/opt/map/plot/log/disp: 0.5 / 4.3 / 0.2 / 0.0 / 0.1 / 0.5 ms
0.309785 process [INF] Average frame rate [in/out]: 187.5 [30.0 / 180.4] fps
0.309796 process [INF] Frame 23
0.311628 grab [DBG] Frame captured 384x2883 @ 800.000000 (t_sys: 498190582.796000 ms, t_day: 80330285.372000 ms)
0.313223 doSearch [INF] optimum sphere rotation:	-0.026 0.063 -0.054  (err=6.675e+03/its=22)
0.313230 doSearch [DBG] Current sphere orientation:	-0.171 1.367 -0.678
0.313373 updateSphere [DBG] Sphere ROI match overlap: 92.8%
0.313649 process [INF] Timing grab/opt/map/plot/log/disp: 0.0 / 3.4 / 0.1 / 0.0 / 0.0 / 0.2 ms
0.313655 process [INF] Average frame rate [in/out]: 204.7 [30.0 / 256.3] fps
