0.012206 main [ERR] Error! Unable to set process priority!
0.013049 read [INF] Looking for config file: config.txt ..
0.013634 read [DBG] Extracted key: |c2a_cnrs_xy|  val: |{ 191, 171, 128, 272, 20, 212, 99, 132 }|
0.013907 read [DBG] Extracted key: |c2a_r|  val: |{ 0.722445, -0.131314, -0.460878 }|
0.013921 read [DBG] Extracted key: |c2a_src|  val: |c2a_cnrs_xy|
0.013928 read [DBG] Extracted key: |c2a_t|  val: |{ -0.674396, 0.389373, 2.889648 }|
0.013932 read [DBG] Extracted key: |do_display|  val: |n|
0.013938 read [DBG] Extracted key: |max_bad_frames|  val: |-1|
0.013942 read [DBG] Extracted key: |opt_bound|  val: |0.35|
0.013947 read [DBG] Extracted key: |opt_do_global|  val: |n|
0.013952 read [DBG] Extracted key: |opt_max_err|  val: |-1.000000|
0.013957 read [DBG] Extracted key: |opt_max_evals|  val: |50|
0.013962 read [DBG] Extracted key: |opt_tol|  val: |0.001|
0.013967 read [DBG] Extracted key: |q_factor|  val: |6|
0.013974 read [DBG] Extracted key: |roi_c|  val: |{ -0.229390, 0.099969, 0.968187 }|
0.013982 read [DBG] Extracted key: |roi_circ|  val: |{ 63, 171, 81, 145, 106, 135, 150, 160 }|
0.013997 read [DBG] Extracted key: |roi_ignr|  val: |{ { 96, 156, 113, 147, 106, 128, 82, 130, 81, 150 }, { 71, 213, 90, 219, 114, 218, 135, 211, 154, 196, 150, 217, 121, 228, 99, 234, 75, 225 } }|
0.014004 read [DBG] Extracted key: |roi_r|  val: |0.124815|
0.014009 read [DBG] Extracted key: |save_debug|  val: |n|
0.014016 read [DBG] Extracted key: |save_raw|  val: |n|
0.014022 read [DBG] Extracted key: |sock_port|  val: |12345|
0.014027 read [DBG] Extracted key: |src_fn|  val: |sample.mp4|
0.014033 read [DBG] Extracted key: |src_fps|  val: |-1.000000|
0.014039 read [DBG] Extracted key: |thr_ratio|  val: |1.25|
0.014044 read [DBG] Extracted key: |thr_win_pc|  val: |0.25|
0.014050 read [DBG] Extracted key: |vfov|  val: |45|
0.014056 read [DBG] Extracted key: |vid_codec|  val: |h264|
0.014083 read [INF] Config file parsed (25 key/value pairs).
0.014098 CVSource [DBG] Source is: sample.mp4
0.014100 CVSource [DBG] Trying source as camera id...
0.014576 CVSource [DBG] Trying source as video file...
0.203401 CVSource [INF] Using source type: video file.
0.203511 CVSource [INF] OpenCV video source initialised (384x288)!
0.203574 operator() [DBG] Key (output_fn) not found.
0.204271 getStr [DBG] Key (fisheye) not found.
0.205117 Trackball [DBG] Found sphere ROI centred at [-0.229390 0.099969 0.968187], with radius 0.124815 rad.
0.205242 Trackball [INF] Input sphere mask automatically generated using 2 ignore ROIs!
0.205257 Trackball [DBG] roi_to_cam_r: 0.1010 0.2319 -0.0000
0.205267 Trackball [DBG] Found C2A rotational transform: [0.722445 -0.131314 -0.460878].
0.207582 getStr [DBG] Key (sphere_map_fn) not found.
0.207725 Trackball [WRN] Warning! No optimisation error threshold specified in config file (opt_max_err) - poor matches will not be dropped!
