0.003044 main [ERR] Error! Unable to set process priority!
0.003115 read [INF] Looking for config file: config.txt ..
0.003178 read [DBG] Extracted key: |c2a_cnrs_xy|  val: |{ 191, 171, 128, 272, 20, 212, 99, 132 }|
0.003192 read [DBG] Extracted key: |c2a_r|  val: |{ 0.722445, -0.131314, -0.460878 }|
0.003197 read [DBG] Extracted key: |c2a_src|  val: |c2a_cnrs_xy|
0.003202 read [DBG] Extracted key: |c2a_t|  val: |{ -0.674396, 0.389373, 2.889648 }|
0.003206 read [DBG] Extracted key: |do_display|  val: |n|
0.003209 read [DBG] Extracted key: |max_bad_frames|  val: |-1|
0.003213 read [DBG] Extracted key: |opt_bound|  val: |0.35|
0.003232 read [DBG] Extracted key: |opt_do_global|  val: |n|
0.003236 read [DBG] Extracted key: |opt_max_err|  val: |-1.000000|
0.003243 read [DBG] Extracted key: |opt_max_evals|  val: |50|
0.003248 read [DBG] Extracted key: |opt_tol|  val: |0.001|
0.003254 read [DBG] Extracted key: |q_factor|  val: |6|
0.003259 read [DBG] Extracted key: |roi_c|  val: |{ -0.229390, 0.099969, 0.968187 }|
0.003266 read [DBG] Extracted key: |roi_circ|  val: |{ 63, 171, 81, 145, 106, 135, 150, 160 }|
0.003279 read [DBG] Extracted key: |roi_ignr|  val: |{ { 96, 156, 113, 147, 106, 128, 82, 130, 81, 150 }, { 71, 213, 90, 219, 114, 218, 135, 211, 154, 196, 150, 217, 121, 228, 99, 234, 75, 225 } }|
0.003291 read [DBG] Extracted key: |roi_r|  val: |0.124815|
0.003295 read [DBG] Extracted key: |save_debug|  val: |n|
0.003299 read [DBG] Extracted key: |save_raw|  val: |n|
0.003304 read [DBG] Extracted key: |sock_port|  val: |12345|
0.003309 read [DBG] Extracted key: |src_fn|  val: |sample.mp4|
0.003314 read [DBG] Extracted key: |src_fps|  val: |-1.000000|
0.003318 read [DBG] Extracted key: |thr_ratio|  val: |1.25|
0.003323 read [DBG] Extracted key: |thr_win_pc|  val: |0.25|
0.003328 read [DBG] Extracted key: |vfov|  val: |45|
0.003332 read [DBG] Extracted key: |vid_codec|  val: |h264|
0.003357 read [INF] Config file parsed (25 key/value pairs).
0.003375 CVSource [DBG] Source is: sample.mp4
0.003377 CVSource [DBG] Trying source as camera id...
0.003394 CVSource [DBG] Trying source as video file...
0.117821 CVSource [INF] Using source type: video file.
0.117902 CVSource [INF] OpenCV video source initialised (384x288)!
0.117938 operator() [DBG] Key (output_fn) not found.
0.118097 getStr [DBG] Key (fisheye) not found.
0.118207 Trackball [DBG] Found sphere ROI centred at [-0.229390 0.099969 0.968187], with radius 0.124815 rad.
0.118327 Trackball [INF] Input sphere mask automatically generated using 2 ignore ROIs!
0.118341 Trackball [DBG] roi_to_cam_r: 0.1010 0.2319 -0.0000
0.118351 Trackball [DBG] Found C2A rotational transform: [0.722445 -0.131314 -0.460878].
0.118992 getStr [DBG] Key (sphere_map_fn) not found.
0.119138 Trackball [WRN] Warning! No optimisation error threshold specified in config file (opt_max_err) - poor matches will not be dropped!
0.119367 openRecord [ERR] Error! Failed to bind socket on port 12345.
0.119394 Trackball [ERR] Error! Unable to open output data socket (12345).
0.133344 ~Trackball [INF] Closing sphere tracker
